<?xml version="1.0" encoding="UTF-8"?>
<coverage generated="1634886954835" clover="3.2.0">
  <project timestamp="1634886954835" name="All files">
    <metrics statements="20" coveredstatements="20" conditionals="0" coveredconditionals="0" methods="8" coveredmethods="8" elements="28" coveredelements="28" complexity="0" loc="20" ncloc="20" packages="1" files="2" classes="2"/>
    <file name="data.js" path="/Users/rachelquanbrough/projects/self-checkout/data.js">
      <metrics statements="7" coveredstatements="7" conditionals="0" coveredconditionals="0" methods="0" coveredmethods="0"/>
      <line num="1" count="1" type="stmt"/>
      <line num="5" count="1" type="stmt"/>
      <line num="9" count="1" type="stmt"/>
      <line num="13" count="1" type="stmt"/>
      <line num="17" count="1" type="stmt"/>
      <line num="23" count="1" type="stmt"/>
      <line num="32" count="1" type="stmt"/>
    </file>
    <file name="index.js" path="/Users/rachelquanbrough/projects/self-checkout/index.js">
      <metrics statements="13" coveredstatements="13" conditionals="0" coveredconditionals="0" methods="8" coveredmethods="8"/>
      <line num="4" count="1" type="stmt"/>
      <line num="8" count="1" type="stmt"/>
      <line num="11" count="1" type="stmt"/>
      <line num="12" count="5" type="stmt"/>
      <line num="14" count="1" type="stmt"/>
      <line num="17" count="2" type="stmt"/>
      <line num="20" count="2" type="stmt"/>
      <line num="21" count="3" type="stmt"/>
      <line num="23" count="2" type="stmt"/>
      <line num="26" count="1" type="stmt"/>
      <line num="27" count="1" type="stmt"/>
      <line num="29" count="1" type="stmt"/>
      <line num="64" count="1" type="stmt"/>
    </file>
  </project>
</coverage>
