{"/Users/rachelquanbrough/projects/self-checkout/data.js": {"path":"/Users/rachelquanbrough/projects/self-checkout/data.js","statementMap":{"0":{"start":{"line":1,"column":15},"end":{"line":4,"column":4}},"1":{"start":{"line":5,"column":18},"end":{"line":8,"column":4}},"2":{"start":{"line":9,"column":13},"end":{"line":12,"column":4}},"3":{"start":{"line":13,"column":14},"end":{"line":16,"column":4}},"4":{"start":{"line":17,"column":15},"end":{"line":20,"column":4}},"5":{"start":{"line":23,"column":14},"end":{"line":29,"column":3}},"6":{"start":{"line":32,"column":2},"end":{"line":32,"column":66}}},"fnMap":{},"branchMap":{},"s":{"0":1,"1":1,"2":1,"3":1,"4":1,"5":1,"6":1},"f":{},"b":{},"_coverageSchema":"1a1c01bbd47fc00a2c39e90264f33305004495a9","hash":"fd5472251381f6d87502a514e074b6fd73e0f55e"}
,"/Users/rachelquanbrough/projects/self-checkout/index.js": {"path":"/Users/rachelquanbrough/projects/self-checkout/index.js","statementMap":{"0":{"start":{"line":6,"column":58},"end":{"line":6,"column":75}},"1":{"start":{"line":8,"column":21},"end":{"line":8,"column":23}},"2":{"start":{"line":13,"column":17},"end":{"line":18,"column":1}},"3":{"start":{"line":14,"column":17},"end":{"line":16,"column":6}},"4":{"start":{"line":15,"column":8},"end":{"line":15,"column":42}},"5":{"start":{"line":17,"column":4},"end":{"line":17,"column":17}},"6":{"start":{"line":22,"column":24},"end":{"line":24,"column":1}},"7":{"start":{"line":23,"column":4},"end":{"line":23,"column":29}},"8":{"start":{"line":28,"column":23},"end":{"line":33,"column":1}},"9":{"start":{"line":29,"column":16},"end":{"line":31,"column":8}},"10":{"start":{"line":30,"column":8},"end":{"line":30,"column":38}},"11":{"start":{"line":32,"column":4},"end":{"line":32,"column":16}},"12":{"start":{"line":35,"column":19},"end":{"line":40,"column":1}},"13":{"start":{"line":36,"column":20},"end":{"line":38,"column":6}},"14":{"start":{"line":37,"column":8},"end":{"line":37,"column":19}},"15":{"start":{"line":39,"column":4},"end":{"line":39,"column":39}},"16":{"start":{"line":43,"column":0},"end":{"line":43,"column":89}}},"fnMap":{"0":{"name":"(anonymous_0)","decl":{"start":{"line":13,"column":17},"end":{"line":13,"column":18}},"loc":{"start":{"line":13,"column":28},"end":{"line":18,"column":1}},"line":13},"1":{"name":"(anonymous_1)","decl":{"start":{"line":14,"column":28},"end":{"line":14,"column":29}},"loc":{"start":{"line":14,"column":39},"end":{"line":16,"column":5}},"line":14},"2":{"name":"(anonymous_2)","decl":{"start":{"line":22,"column":24},"end":{"line":22,"column":25}},"loc":{"start":{"line":22,"column":33},"end":{"line":24,"column":1}},"line":22},"3":{"name":"(anonymous_3)","decl":{"start":{"line":28,"column":23},"end":{"line":28,"column":24}},"loc":{"start":{"line":28,"column":34},"end":{"line":33,"column":1}},"line":28},"4":{"name":"(anonymous_4)","decl":{"start":{"line":29,"column":30},"end":{"line":29,"column":31}},"loc":{"start":{"line":29,"column":50},"end":{"line":31,"column":5}},"line":29},"5":{"name":"(anonymous_5)","decl":{"start":{"line":35,"column":19},"end":{"line":35,"column":20}},"loc":{"start":{"line":35,"column":28},"end":{"line":40,"column":1}},"line":35},"6":{"name":"(anonymous_6)","decl":{"start":{"line":36,"column":45},"end":{"line":36,"column":46}},"loc":{"start":{"line":36,"column":53},"end":{"line":38,"column":5}},"line":36}},"branchMap":{},"s":{"0":1,"1":1,"2":1,"3":1,"4":5,"5":1,"6":1,"7":2,"8":1,"9":2,"10":3,"11":2,"12":1,"13":1,"14":1,"15":1,"16":1},"f":{"0":1,"1":5,"2":2,"3":2,"4":3,"5":1,"6":1},"b":{},"_coverageSchema":"1a1c01bbd47fc00a2c39e90264f33305004495a9","hash":"f2d2bab3bb1cd6ed3bc0847c08343d83cce1df7c"}
}
