{"/Users/rachelquanbrough/projects/self-checkout/data.js": {"path":"/Users/rachelquanbrough/projects/self-checkout/data.js","statementMap":{"0":{"start":{"line":1,"column":15},"end":{"line":4,"column":4}},"1":{"start":{"line":5,"column":18},"end":{"line":8,"column":4}},"2":{"start":{"line":9,"column":13},"end":{"line":12,"column":4}},"3":{"start":{"line":13,"column":14},"end":{"line":16,"column":4}},"4":{"start":{"line":17,"column":15},"end":{"line":20,"column":4}},"5":{"start":{"line":23,"column":14},"end":{"line":29,"column":3}},"6":{"start":{"line":32,"column":2},"end":{"line":32,"column":66}}},"fnMap":{},"branchMap":{},"s":{"0":1,"1":1,"2":1,"3":1,"4":1,"5":1,"6":1},"f":{},"b":{},"_coverageSchema":"1a1c01bbd47fc00a2c39e90264f33305004495a9","hash":"fd5472251381f6d87502a514e074b6fd73e0f55e"}
,"/Users/rachelquanbrough/projects/self-checkout/index.js": {"path":"/Users/rachelquanbrough/projects/self-checkout/index.js","statementMap":{"0":{"start":{"line":4,"column":58},"end":{"line":4,"column":75}},"1":{"start":{"line":8,"column":4},"end":{"line":8,"column":21}},"2":{"start":{"line":11,"column":19},"end":{"line":13,"column":6}},"3":{"start":{"line":12,"column":6},"end":{"line":12,"column":41}},"4":{"start":{"line":14,"column":4},"end":{"line":14,"column":18}},"5":{"start":{"line":17,"column":4},"end":{"line":17,"column":27}},"6":{"start":{"line":20,"column":18},"end":{"line":22,"column":9}},"7":{"start":{"line":21,"column":6},"end":{"line":21,"column":37}},"8":{"start":{"line":23,"column":4},"end":{"line":23,"column":17}},"9":{"start":{"line":26,"column":22},"end":{"line":28,"column":6}},"10":{"start":{"line":27,"column":6},"end":{"line":27,"column":18}},"11":{"start":{"line":29,"column":4},"end":{"line":29,"column":37}},"12":{"start":{"line":64,"column":0},"end":{"line":66,"column":2}}},"fnMap":{"0":{"name":"(anonymous_0)","decl":{"start":{"line":7,"column":2},"end":{"line":7,"column":3}},"loc":{"start":{"line":7,"column":16},"end":{"line":9,"column":3}},"line":7},"1":{"name":"(anonymous_1)","decl":{"start":{"line":10,"column":2},"end":{"line":10,"column":3}},"loc":{"start":{"line":10,"column":20},"end":{"line":15,"column":3}},"line":10},"2":{"name":"(anonymous_2)","decl":{"start":{"line":11,"column":30},"end":{"line":11,"column":31}},"loc":{"start":{"line":11,"column":43},"end":{"line":13,"column":5}},"line":11},"3":{"name":"(anonymous_3)","decl":{"start":{"line":16,"column":2},"end":{"line":16,"column":3}},"loc":{"start":{"line":16,"column":24},"end":{"line":18,"column":3}},"line":16},"4":{"name":"(anonymous_4)","decl":{"start":{"line":19,"column":2},"end":{"line":19,"column":3}},"loc":{"start":{"line":19,"column":19},"end":{"line":24,"column":3}},"line":19},"5":{"name":"(anonymous_5)","decl":{"start":{"line":20,"column":37},"end":{"line":20,"column":38}},"loc":{"start":{"line":20,"column":59},"end":{"line":22,"column":5}},"line":20},"6":{"name":"(anonymous_6)","decl":{"start":{"line":25,"column":2},"end":{"line":25,"column":3}},"loc":{"start":{"line":25,"column":19},"end":{"line":30,"column":3}},"line":25},"7":{"name":"(anonymous_7)","decl":{"start":{"line":26,"column":44},"end":{"line":26,"column":45}},"loc":{"start":{"line":26,"column":54},"end":{"line":28,"column":5}},"line":26}},"branchMap":{},"s":{"0":1,"1":1,"2":1,"3":5,"4":1,"5":2,"6":2,"7":3,"8":2,"9":1,"10":1,"11":1,"12":1},"f":{"0":1,"1":1,"2":5,"3":2,"4":2,"5":3,"6":1,"7":1},"b":{},"_coverageSchema":"1a1c01bbd47fc00a2c39e90264f33305004495a9","hash":"74793ebfa34a461fa09cee13a0ce7e088976f9a2"}
}
