TN:
SF:data.js
FNF:0
FNH:0
DA:1,1
DA:5,1
DA:9,1
DA:13,1
DA:17,1
DA:23,1
DA:32,1
LF:7
LH:7
BRF:0
BRH:0
end_of_record
TN:
SF:index.js
FN:13,(anonymous_0)
FN:14,(anonymous_1)
FN:22,(anonymous_2)
FN:28,(anonymous_3)
FN:29,(anonymous_4)
FN:35,(anonymous_5)
FN:36,(anonymous_6)
FNF:7
FNH:7
FNDA:1,(anonymous_0)
FNDA:5,(anonymous_1)
FNDA:2,(anonymous_2)
FNDA:2,(anonymous_3)
FNDA:3,(anonymous_4)
FNDA:1,(anonymous_5)
FNDA:1,(anonymous_6)
DA:6,1
DA:8,1
DA:13,1
DA:14,1
DA:15,5
DA:17,1
DA:22,1
DA:23,2
DA:28,1
DA:29,2
DA:30,3
DA:32,2
DA:35,1
DA:36,1
DA:37,1
DA:39,1
DA:43,1
LF:17
LH:17
BRF:0
BRH:0
end_of_record
