TN:
SF:data.js
FNF:0
FNH:0
DA:1,1
DA:5,1
DA:9,1
DA:13,1
DA:17,1
DA:23,1
DA:32,1
LF:7
LH:7
BRF:0
BRH:0
end_of_record
TN:
SF:index.js
FN:7,(anonymous_0)
FN:10,(anonymous_1)
FN:11,(anonymous_2)
FN:16,(anonymous_3)
FN:19,(anonymous_4)
FN:20,(anonymous_5)
FN:25,(anonymous_6)
FN:26,(anonymous_7)
FNF:8
FNH:8
FNDA:1,(anonymous_0)
FNDA:1,(anonymous_1)
FNDA:5,(anonymous_2)
FNDA:2,(anonymous_3)
FNDA:2,(anonymous_4)
FNDA:3,(anonymous_5)
FNDA:1,(anonymous_6)
FNDA:1,(anonymous_7)
DA:4,1
DA:8,1
DA:11,1
DA:12,5
DA:14,1
DA:17,2
DA:20,2
DA:21,3
DA:23,2
DA:26,1
DA:27,1
DA:29,1
DA:64,1
LF:13
LH:13
BRF:0
BRH:0
end_of_record
